
 ==============================
 S N O P T  7.7.1    (Nov 2018)
 ==============================
 
 SNMEMB EXIT 100 -- finished successfully
 SNMEMB INFO 104 -- memory requirements estimated

 ==============================
 S N O P T  7.7.1    (Nov 2018)
 ==============================
 
 

 Nonlinear constraints       1     Linear constraints       0
 Nonlinear variables         1     Linear variables         0
 Jacobian  variables         1     Objective variables      1
 Total constraints           1     Total variables          1
 

 
 The user has defined       1   out of       1   constraint gradients.
 The user has defined       1   out of       1   objective  gradients.
 

 Major Minors     Step   nCon Feasible  Optimal  MeritFunction     nS Penalty
     0      1               1 (0.0E+00)(1.9E-06) 6.6159262E-05      1           r
 
 SNOPTC EXIT   0 -- finished successfully
 SNOPTC INFO   1 -- optimality conditions satisfied

 Problem name                 BatteryO
 No. of iterations                   1   Objective            6.6159262355E-05
 No. of major iterations             0   Linear    obj. term  0.0000000000E+00
 Penalty parameter           0.000E+00   Nonlinear obj. term  6.6159262355E-05
 User function calls (total)         2
 No. of superbasics                  1   No. of basic nonlinears             0
 No. of degenerate steps             0   Percentage                       0.00
 Max x                       1 7.0E-02   Max pi                      1 0.0E+00
 Max Primal infeas           0 0.0E+00   Max Dual infeas             1 2.7E-05
 Nonlinear constraint violn    0.0E+00
 
 

 Solution printed on file  18
 
 Time for MPS input                             0.00 seconds
 Time for solving problem                       3.38 seconds
 Time for solution output                       0.00 seconds
 Time for constraint functions                  3.38 seconds
 Time for objective function                    0.00 seconds
