
         ==============================
         S N O P T  7.7.1    (Nov 2018)
         ==============================
      Proximal iterations limit           10000
      Derivative level               3
1
 
 SNMEMB EXIT 100 -- finished successfully
 SNMEMB INFO 104 -- memory requirements estimated

         ==============================
         S N O P T  7.7.1    (Nov 2018)
         ==============================
      Proximal iterations limit           10000
      Derivative level               3
1
 
 Parameters
 ==========

 Files
 -----
 Solution file..........         0       Old basis file ........         0       Standard input.........         5
 Insert file............         0       New basis file ........         0       (Printer)..............        18
 Punch file.............         0       Backup basis file......         0       (Specs file)...........         0
 Load file..............         0       Dump file..............         0       Standard output........         6

 Frequencies
 -----------
 Print frequency........       100       Check frequency........        60       Save new basis map.....       100
 Summary frequency......       100       Factorization frequency        50       Expand frequency.......     10000

 QP subproblems
 --------------
 QPsolver Cholesky......
 Scale tolerance........     0.900       Minor feasibility tol..  1.00E-06       Iteration limit........     10000
 Scale option...........         0       Minor optimality  tol..  1.00E-06       Minor print level......         1
 Crash tolerance........     0.100       Pivot tolerance........  3.25E-11       New superbasics........        99
 Crash option...........         3       Elastic weight.........  1.00E+05

 Partial pricing
 ---------------
 LP Partial price.......         1       Prtl price section ( A)         1       Prtl price section (-I)         1
 QP Partial price.......         1       Prtl price section ( A)         1       Prtl price section (-I)         1

 The SQP Method
 --------------
 Minimize...............                 Cold start.............                 Proximal Point method..     10000
 Nonlinear objectiv vars         1       Major optimality tol...  2.00E-06       Function precision.....  3.00E-13
 Unbounded step size....  1.00E+20       Superbasics limit......         1       Difference interval....  5.48E-07
 Unbounded objective....  1.00E+10       Reduced Hessian dim....         1       Central difference int.  6.70E-05
 Major step limit.......  2.00E+00       Derivative linesearch..                 Derivative level.......         3
 Major iterations limit.      1000       Linesearch tolerance...   0.90000       Verify level...........         0
 Minor iterations limit.       500       Penalty parameter......  0.00E+00       Major Print Level......         1
 Time limit (secs)...... 9999999.0

 Hessian Approximation
 ---------------------
 Hessian full-memory....                 Hessian updates........  99999999       Hessian frequency......  99999999
                                                                                 Hessian flush..........  99999999

 Nonlinear constraints
 ---------------------
 Nonlinear constraints..         1       Major feasibility tol..  1.00E-06       Violation limit........  1.00E+01
 Nonlinear Jacobian vars         1

 Miscellaneous
 -------------
 LU factor tolerance....      3.99       LU singularity tol.....  3.25E-11       Timing level...........         3
 LU update tolerance....      3.99       LU swap tolerance......  1.22E-04       Debug level............         0
 LU partial  pivoting...                 eps (machine precision)  2.22E-16       System information.....        No
                                                                                 Sticky parameters......        No
1
 

 

 Matrix statistics
 -----------------
               Total      Normal        Free       Fixed     Bounded
 Rows              1           0           1           0           0
 Columns           1           1           0           0           0

 No. of matrix elements                    1     Density     100.000
 Biggest  constant element        0.0000E+00  (excluding fixed columns,
 Smallest constant element        0.0000E+00   free rows, and RHS)

 No. of objective coefficients             0

 Nonlinear constraints       1     Linear constraints       0
 Nonlinear variables         1     Linear variables         0
 Jacobian  variables         1     Objective variables      1
 Total constraints           1     Total variables          1
1
 

 
 The user has defined       1   out of       1   constraint gradients.
 The user has defined       1   out of       1   objective  gradients.

 Cheap test of user-supplied problem derivatives...

 The constraint gradients seem to be OK.

 -->  The largest discrepancy was    0.00E+00  in constraint     2
 

 The objective  gradients seem to be OK.

 Gradient projected in one direction   2.69824351393E-05
 Difference approximation              2.69824367429E-05
1
 
 

   Itns Major Minors    Step   nCon Feasible  Optimal  MeritFunction     L+U BSwap     nS condZHZ Penalty
      1     0      1              1 (0.0E+00)(1.9E-06) 6.6159262E-05       1            1 1.0E+00         _  r
1
 
 SNOPTC EXIT   0 -- finished successfully
 SNOPTC INFO   1 -- optimality conditions satisfied

 Problem name                 BatteryO
 No. of iterations                   1   Objective            6.6159262355E-05
 No. of major iterations             0   Linear    obj. term  0.0000000000E+00
 Penalty parameter           0.000E+00   Nonlinear obj. term  6.6159262355E-05
 User function calls (total)         2
 No. of superbasics                  1   No. of basic nonlinears             0
 No. of degenerate steps             0   Percentage                       0.00
 Max x                       1 7.0E-02   Max pi                      1 0.0E+00
 Max Primal infeas           0 0.0E+00   Max Dual infeas             1 2.7E-05
 Nonlinear constraint violn    0.0E+00
1
 
 Name           BatteryO                 Objective Value      6.6159262355E-05

 Status         Optimal Soln             Iteration      1    Superbasics     1

 Objective      -------- (Min)
 RHS            --------
 Ranges         --------
 Bounds         --------

 Section 1 - Constraints

  Number  ...Row.. State  ...Value......  Slack Value...  ..Lower Limit.  ..Upper Limit.  .Dual Variable    ..i
 
       2  r      1    BS          .               .                None            None           .           1
1
 
 Section 2 - Variables

  Number  .Column. State  ...Value......  .Obj Gradient.  ..Lower Limit.  ..Upper Limit.  .Dual Variable    m+j
 
       1  x      1 N SBS         0.07032         0.00003          .                None          0.00003      2
 
 Time for MPS input                             0.00 seconds
 Time for solving problem                       3.38 seconds
 Time for solution output                       0.00 seconds
 Time for constraint functions                  3.38 seconds
 Time for objective function                    0.00 seconds
